[11:41:02] 10000000x28 matrix with 280000000 entries loaded from higgs_train.libsvm
[11:41:02] 1x28 matrix with 28 entries loaded from higgs_valid.libsvm
[11:41:02] Treemethod=8 dsplit=2 updater=grow_pmatfasthist,prune

[11:41:02] failed in fast Init of Predictor cache,rowxcol=10000000x28
[11:41:02] failed in fast Init of Predictor cache,rowxcol=1x28
[11:41:02] src/cli_main.cc:208: Loading data: 10.2269 sec
[11:41:02] src/cli_main.cc:215: Start training loop
[11:41:02] boosting round 0, 4.76837e-07 sec elapsed
higgs[8] cut size:3=0.543269,1.62981,4.34616,min_val=-1e-05
[11:41:09] Init hset: rptrSize:30,cutSize:6109,nodesize:128,fsetSize:6109,max_depth:6
InitHistIndex : fset.size=28
[11:41:12] DMatrixCompact::Init size=28,memory=267MB,rowxcol=10000000x28,nonzero=280000000
[11:41:23] src/tree/updater_pmatfasthist.cc:1325: End of initialization, start training
[11:41:23] src/tree/updater_prune.cc:74: tree pruning end, 1 roots, 126 extra nodes, 0 pruned nodes, max_depth=6
[11:41:23] UpdatePredictionCache: nodes size=127,rowscnt=1
[11:41:23] UpdatePredictionCache: nodes size=127,rowscnt=10000000
[11:41:23] boosting round 1, 21.0501 sec elapsed
[11:41:23] Init hset: rptrSize:30,cutSize:6109,nodesize:128,fsetSize:6109,max_depth:6
[11:41:24] src/tree/updater_prune.cc:74: tree pruning end, 1 roots, 126 extra nodes, 0 pruned nodes, max_depth=6
[11:41:24] UpdatePredictionCache: nodes size=127,rowscnt=1
[11:41:24] UpdatePredictionCache: nodes size=127,rowscnt=10000000
[11:41:24] boosting round 2, 21.83 sec elapsed
[11:41:24] Init hset: rptrSize:30,cutSize:6109,nodesize:128,fsetSize:6109,max_depth:6
[11:41:25] src/tree/updater_prune.cc:74: tree pruning end, 1 roots, 126 extra nodes, 0 pruned nodes, max_depth=6
[11:41:25] UpdatePredictionCache: nodes size=127,rowscnt=1
[11:41:25] UpdatePredictionCache: nodes size=127,rowscnt=10000000
[11:41:25] boosting round 3, 22.5681 sec elapsed
[11:41:25] Init hset: rptrSize:30,cutSize:6109,nodesize:128,fsetSize:6109,max_depth:6
[11:41:26] src/tree/updater_prune.cc:74: tree pruning end, 1 roots, 126 extra nodes, 0 pruned nodes, max_depth=6
[11:41:26] UpdatePredictionCache: nodes size=127,rowscnt=1
[11:41:26] UpdatePredictionCache: nodes size=127,rowscnt=10000000
[11:41:26] boosting round 4, 23.354 sec elapsed
[11:41:26] Init hset: rptrSize:30,cutSize:6109,nodesize:128,fsetSize:6109,max_depth:6
[11:41:26] src/tree/updater_prune.cc:74: tree pruning end, 1 roots, 126 extra nodes, 0 pruned nodes, max_depth=6
[11:41:26] UpdatePredictionCache: nodes size=127,rowscnt=1
[11:41:26] UpdatePredictionCache: nodes size=127,rowscnt=10000000
[11:41:26] boosting round 5, 24.1876 sec elapsed
[11:41:27] Init hset: rptrSize:30,cutSize:6109,nodesize:128,fsetSize:6109,max_depth:6
[11:41:27] src/tree/updater_prune.cc:74: tree pruning end, 1 roots, 126 extra nodes, 0 pruned nodes, max_depth=6
[11:41:27] UpdatePredictionCache: nodes size=127,rowscnt=1
[11:41:27] UpdatePredictionCache: nodes size=127,rowscnt=10000000
[11:41:27] boosting round 6, 24.9631 sec elapsed
[11:41:27] Init hset: rptrSize:30,cutSize:6109,nodesize:128,fsetSize:6109,max_depth:6
[11:41:28] src/tree/updater_prune.cc:74: tree pruning end, 1 roots, 126 extra nodes, 0 pruned nodes, max_depth=6
[11:41:28] UpdatePredictionCache: nodes size=127,rowscnt=1
[11:41:28] UpdatePredictionCache: nodes size=127,rowscnt=10000000
[11:41:28] boosting round 7, 25.7595 sec elapsed
[11:41:28] Init hset: rptrSize:30,cutSize:6109,nodesize:128,fsetSize:6109,max_depth:6
[11:41:29] src/tree/updater_prune.cc:74: tree pruning end, 1 roots, 126 extra nodes, 0 pruned nodes, max_depth=6
[11:41:29] UpdatePredictionCache: nodes size=127,rowscnt=1
[11:41:29] UpdatePredictionCache: nodes size=127,rowscnt=10000000
[11:41:29] boosting round 8, 26.5479 sec elapsed
[11:41:29] Init hset: rptrSize:30,cutSize:6109,nodesize:128,fsetSize:6109,max_depth:6
[11:41:30] src/tree/updater_prune.cc:74: tree pruning end, 1 roots, 126 extra nodes, 0 pruned nodes, max_depth=6
[11:41:30] UpdatePredictionCache: nodes size=127,rowscnt=1
[11:41:30] UpdatePredictionCache: nodes size=127,rowscnt=10000000
[11:41:30] boosting round 9, 27.3366 sec elapsed
[11:41:30] Init hset: rptrSize:30,cutSize:6109,nodesize:128,fsetSize:6109,max_depth:6
[11:41:30] src/tree/updater_prune.cc:74: tree pruning end, 1 roots, 126 extra nodes, 0 pruned nodes, max_depth=6
[11:41:30] UpdatePredictionCache: nodes size=127,rowscnt=1
[11:41:30] UpdatePredictionCache: nodes size=127,rowscnt=10000000
[11:41:30] boosting round 10, 28.1595 sec elapsed
[11:41:30] Init hset: rptrSize:30,cutSize:6109,nodesize:128,fsetSize:6109,max_depth:6
[11:41:31] src/tree/updater_prune.cc:74: tree pruning end, 1 roots, 126 extra nodes, 0 pruned nodes, max_depth=6
[11:41:31] UpdatePredictionCache: nodes size=127,rowscnt=1
[11:41:31] UpdatePredictionCache: nodes size=127,rowscnt=10000000
[11:41:31] boosting round 11, 28.9328 sec elapsed
[11:41:31] Init hset: rptrSize:30,cutSize:6109,nodesize:128,fsetSize:6109,max_depth:6
[11:41:32] src/tree/updater_prune.cc:74: tree pruning end, 1 roots, 126 extra nodes, 0 pruned nodes, max_depth=6
[11:41:32] UpdatePredictionCache: nodes size=127,rowscnt=1
[11:41:32] UpdatePredictionCache: nodes size=127,rowscnt=10000000
[11:41:32] boosting round 12, 29.7575 sec elapsed
[11:41:32] Init hset: rptrSize:30,cutSize:6109,nodesize:128,fsetSize:6109,max_depth:6
[11:41:33] src/tree/updater_prune.cc:74: tree pruning end, 1 roots, 126 extra nodes, 0 pruned nodes, max_depth=6
[11:41:33] UpdatePredictionCache: nodes size=127,rowscnt=1
[11:41:33] UpdatePredictionCache: nodes size=127,rowscnt=10000000
[11:41:33] boosting round 13, 30.5353 sec elapsed
[11:41:33] Init hset: rptrSize:30,cutSize:6109,nodesize:128,fsetSize:6109,max_depth:6
[11:41:34] src/tree/updater_prune.cc:74: tree pruning end, 1 roots, 126 extra nodes, 0 pruned nodes, max_depth=6
[11:41:34] UpdatePredictionCache: nodes size=127,rowscnt=1
[11:41:34] UpdatePredictionCache: nodes size=127,rowscnt=10000000
[11:41:34] boosting round 14, 31.3009 sec elapsed
[11:41:34] Init hset: rptrSize:30,cutSize:6109,nodesize:128,fsetSize:6109,max_depth:6
[11:41:34] src/tree/updater_prune.cc:74: tree pruning end, 1 roots, 126 extra nodes, 0 pruned nodes, max_depth=6
[11:41:34] UpdatePredictionCache: nodes size=127,rowscnt=1
[11:41:34] UpdatePredictionCache: nodes size=127,rowscnt=10000000
[11:41:34] boosting round 15, 32.1 sec elapsed
[11:41:34] Init hset: rptrSize:30,cutSize:6109,nodesize:128,fsetSize:6109,max_depth:6
[11:41:35] src/tree/updater_prune.cc:74: tree pruning end, 1 roots, 126 extra nodes, 0 pruned nodes, max_depth=6
[11:41:35] UpdatePredictionCache: nodes size=127,rowscnt=1
[11:41:35] UpdatePredictionCache: nodes size=127,rowscnt=10000000
[11:41:35] boosting round 16, 32.914 sec elapsed
[11:41:35] Init hset: rptrSize:30,cutSize:6109,nodesize:128,fsetSize:6109,max_depth:6
[11:41:36] src/tree/updater_prune.cc:74: tree pruning end, 1 roots, 126 extra nodes, 0 pruned nodes, max_depth=6
[11:41:36] UpdatePredictionCache: nodes size=127,rowscnt=1
[11:41:36] UpdatePredictionCache: nodes size=127,rowscnt=10000000
[11:41:36] boosting round 17, 33.6865 sec elapsed
[11:41:36] Init hset: rptrSize:30,cutSize:6109,nodesize:128,fsetSize:6109,max_depth:6
[11:41:37] src/tree/updater_prune.cc:74: tree pruning end, 1 roots, 126 extra nodes, 0 pruned nodes, max_depth=6
[11:41:37] UpdatePredictionCache: nodes size=127,rowscnt=1
[11:41:37] UpdatePredictionCache: nodes size=127,rowscnt=10000000
[11:41:37] boosting round 18, 34.4733 sec elapsed
[11:41:37] Init hset: rptrSize:30,cutSize:6109,nodesize:128,fsetSize:6109,max_depth:6
[11:41:37] src/tree/updater_prune.cc:74: tree pruning end, 1 roots, 126 extra nodes, 0 pruned nodes, max_depth=6
[11:41:37] UpdatePredictionCache: nodes size=127,rowscnt=1
[11:41:37] UpdatePredictionCache: nodes size=127,rowscnt=10000000
[11:41:37] boosting round 19, 35.225 sec elapsed
[11:41:38] Init hset: rptrSize:30,cutSize:6109,nodesize:128,fsetSize:6109,max_depth:6
[11:41:38] src/tree/updater_prune.cc:74: tree pruning end, 1 roots, 126 extra nodes, 0 pruned nodes, max_depth=6
[11:41:38] UpdatePredictionCache: nodes size=127,rowscnt=1
[11:41:38] UpdatePredictionCache: nodes size=127,rowscnt=10000000
[11:41:38] boosting round 20, 35.9934 sec elapsed
[11:41:38] Init hset: rptrSize:30,cutSize:6109,nodesize:128,fsetSize:6109,max_depth:6
[11:41:39] src/tree/updater_prune.cc:74: tree pruning end, 1 roots, 126 extra nodes, 0 pruned nodes, max_depth=6
[11:41:39] UpdatePredictionCache: nodes size=127,rowscnt=1
[11:41:39] UpdatePredictionCache: nodes size=127,rowscnt=10000000
[11:41:39] boosting round 21, 36.7693 sec elapsed
[11:41:39] Init hset: rptrSize:30,cutSize:6109,nodesize:128,fsetSize:6109,max_depth:6
[11:41:40] src/tree/updater_prune.cc:74: tree pruning end, 1 roots, 126 extra nodes, 0 pruned nodes, max_depth=6
[11:41:40] UpdatePredictionCache: nodes size=127,rowscnt=1
[11:41:40] UpdatePredictionCache: nodes size=127,rowscnt=10000000
[11:41:40] boosting round 22, 37.6215 sec elapsed
[11:41:40] Init hset: rptrSize:30,cutSize:6109,nodesize:128,fsetSize:6109,max_depth:6
[11:41:41] src/tree/updater_prune.cc:74: tree pruning end, 1 roots, 126 extra nodes, 0 pruned nodes, max_depth=6
[11:41:41] UpdatePredictionCache: nodes size=127,rowscnt=1
[11:41:41] UpdatePredictionCache: nodes size=127,rowscnt=10000000
[11:41:41] boosting round 23, 38.4204 sec elapsed
[11:41:41] Init hset: rptrSize:30,cutSize:6109,nodesize:128,fsetSize:6109,max_depth:6
[11:41:41] src/tree/updater_prune.cc:74: tree pruning end, 1 roots, 126 extra nodes, 0 pruned nodes, max_depth=6
[11:41:41] UpdatePredictionCache: nodes size=127,rowscnt=1
[11:41:42] UpdatePredictionCache: nodes size=127,rowscnt=10000000
[11:41:42] boosting round 24, 39.2468 sec elapsed
[11:41:42] Init hset: rptrSize:30,cutSize:6109,nodesize:128,fsetSize:6109,max_depth:6
[11:41:42] src/tree/updater_prune.cc:74: tree pruning end, 1 roots, 126 extra nodes, 0 pruned nodes, max_depth=6
[11:41:42] UpdatePredictionCache: nodes size=127,rowscnt=1
[11:41:42] UpdatePredictionCache: nodes size=127,rowscnt=10000000
[11:41:42] boosting round 25, 39.9846 sec elapsed
[11:41:42] Init hset: rptrSize:30,cutSize:6109,nodesize:128,fsetSize:6109,max_depth:6
[11:41:43] src/tree/updater_prune.cc:74: tree pruning end, 1 roots, 126 extra nodes, 0 pruned nodes, max_depth=6
[11:41:43] UpdatePredictionCache: nodes size=127,rowscnt=1
[11:41:43] UpdatePredictionCache: nodes size=127,rowscnt=10000000
[11:41:43] boosting round 26, 40.8004 sec elapsed
[11:41:43] Init hset: rptrSize:30,cutSize:6109,nodesize:128,fsetSize:6109,max_depth:6
[11:41:44] src/tree/updater_prune.cc:74: tree pruning end, 1 roots, 126 extra nodes, 0 pruned nodes, max_depth=6
[11:41:44] UpdatePredictionCache: nodes size=127,rowscnt=1
[11:41:44] UpdatePredictionCache: nodes size=127,rowscnt=10000000
[11:41:44] boosting round 27, 41.6244 sec elapsed
[11:41:44] Init hset: rptrSize:30,cutSize:6109,nodesize:128,fsetSize:6109,max_depth:6
[11:41:45] src/tree/updater_prune.cc:74: tree pruning end, 1 roots, 126 extra nodes, 0 pruned nodes, max_depth=6
[11:41:45] UpdatePredictionCache: nodes size=127,rowscnt=1
[11:41:45] UpdatePredictionCache: nodes size=127,rowscnt=10000000
[11:41:45] boosting round 28, 42.4333 sec elapsed
[11:41:45] Init hset: rptrSize:30,cutSize:6109,nodesize:128,fsetSize:6109,max_depth:6
[11:41:45] src/tree/updater_prune.cc:74: tree pruning end, 1 roots, 126 extra nodes, 0 pruned nodes, max_depth=6
[11:41:45] UpdatePredictionCache: nodes size=127,rowscnt=1
[11:41:45] UpdatePredictionCache: nodes size=127,rowscnt=10000000
[11:41:45] boosting round 29, 43.2204 sec elapsed
[11:41:46] Init hset: rptrSize:30,cutSize:6109,nodesize:128,fsetSize:6109,max_depth:6
[11:41:46] src/tree/updater_prune.cc:74: tree pruning end, 1 roots, 126 extra nodes, 0 pruned nodes, max_depth=6
[11:41:46] UpdatePredictionCache: nodes size=127,rowscnt=1
[11:41:46] UpdatePredictionCache: nodes size=127,rowscnt=10000000
[11:41:46] boosting round 30, 44.0279 sec elapsed
[11:41:46] Init hset: rptrSize:30,cutSize:6109,nodesize:128,fsetSize:6109,max_depth:6
[11:41:47] src/tree/updater_prune.cc:74: tree pruning end, 1 roots, 126 extra nodes, 0 pruned nodes, max_depth=6
[11:41:47] UpdatePredictionCache: nodes size=127,rowscnt=1
[11:41:47] UpdatePredictionCache: nodes size=127,rowscnt=10000000
[11:41:47] boosting round 31, 44.7988 sec elapsed
[11:41:47] Init hset: rptrSize:30,cutSize:6109,nodesize:128,fsetSize:6109,max_depth:6
[11:41:48] src/tree/updater_prune.cc:74: tree pruning end, 1 roots, 126 extra nodes, 0 pruned nodes, max_depth=6
[11:41:48] UpdatePredictionCache: nodes size=127,rowscnt=1
[11:41:48] UpdatePredictionCache: nodes size=127,rowscnt=10000000
[11:41:48] boosting round 32, 45.6086 sec elapsed
[11:41:48] Init hset: rptrSize:30,cutSize:6109,nodesize:128,fsetSize:6109,max_depth:6
[11:41:49] src/tree/updater_prune.cc:74: tree pruning end, 1 roots, 126 extra nodes, 0 pruned nodes, max_depth=6
[11:41:49] UpdatePredictionCache: nodes size=127,rowscnt=1
[11:41:49] UpdatePredictionCache: nodes size=127,rowscnt=10000000
[11:41:49] boosting round 33, 46.4159 sec elapsed
[11:41:49] Init hset: rptrSize:30,cutSize:6109,nodesize:128,fsetSize:6109,max_depth:6
[11:41:50] src/tree/updater_prune.cc:74: tree pruning end, 1 roots, 126 extra nodes, 0 pruned nodes, max_depth=6
[11:41:50] UpdatePredictionCache: nodes size=127,rowscnt=1
[11:41:50] UpdatePredictionCache: nodes size=127,rowscnt=10000000
[11:41:50] boosting round 34, 47.2807 sec elapsed
[11:41:50] Init hset: rptrSize:30,cutSize:6109,nodesize:128,fsetSize:6109,max_depth:6
[11:41:50] src/tree/updater_prune.cc:74: tree pruning end, 1 roots, 126 extra nodes, 0 pruned nodes, max_depth=6
[11:41:50] UpdatePredictionCache: nodes size=127,rowscnt=1
[11:41:50] UpdatePredictionCache: nodes size=127,rowscnt=10000000
[11:41:50] boosting round 35, 48.0637 sec elapsed
[11:41:50] Init hset: rptrSize:30,cutSize:6109,nodesize:128,fsetSize:6109,max_depth:6
[11:41:51] src/tree/updater_prune.cc:74: tree pruning end, 1 roots, 126 extra nodes, 0 pruned nodes, max_depth=6
[11:41:51] UpdatePredictionCache: nodes size=127,rowscnt=1
[11:41:51] UpdatePredictionCache: nodes size=127,rowscnt=10000000
[11:41:51] boosting round 36, 48.8568 sec elapsed
[11:41:51] Init hset: rptrSize:30,cutSize:6109,nodesize:128,fsetSize:6109,max_depth:6
[11:41:52] src/tree/updater_prune.cc:74: tree pruning end, 1 roots, 126 extra nodes, 0 pruned nodes, max_depth=6
[11:41:52] UpdatePredictionCache: nodes size=127,rowscnt=1
[11:41:52] UpdatePredictionCache: nodes size=127,rowscnt=10000000
[11:41:52] boosting round 37, 49.6575 sec elapsed
[11:41:52] Init hset: rptrSize:30,cutSize:6109,nodesize:128,fsetSize:6109,max_depth:6
[11:41:53] src/tree/updater_prune.cc:74: tree pruning end, 1 roots, 126 extra nodes, 0 pruned nodes, max_depth=6
[11:41:53] UpdatePredictionCache: nodes size=127,rowscnt=1
[11:41:53] UpdatePredictionCache: nodes size=127,rowscnt=10000000
[11:41:53] boosting round 38, 50.43 sec elapsed
[11:41:53] Init hset: rptrSize:30,cutSize:6109,nodesize:128,fsetSize:6109,max_depth:6
[11:41:53] src/tree/updater_prune.cc:74: tree pruning end, 1 roots, 126 extra nodes, 0 pruned nodes, max_depth=6
[11:41:53] UpdatePredictionCache: nodes size=127,rowscnt=1
[11:41:54] UpdatePredictionCache: nodes size=127,rowscnt=10000000
[11:41:54] boosting round 39, 51.2524 sec elapsed
[11:41:54] Init hset: rptrSize:30,cutSize:6109,nodesize:128,fsetSize:6109,max_depth:6
[11:41:54] src/tree/updater_prune.cc:74: tree pruning end, 1 roots, 126 extra nodes, 0 pruned nodes, max_depth=6
[11:41:54] UpdatePredictionCache: nodes size=127,rowscnt=1
[11:41:54] UpdatePredictionCache: nodes size=127,rowscnt=10000000
[11:41:54] boosting round 40, 52.0597 sec elapsed
[11:41:54] Init hset: rptrSize:30,cutSize:6109,nodesize:128,fsetSize:6109,max_depth:6
[11:41:55] src/tree/updater_prune.cc:74: tree pruning end, 1 roots, 126 extra nodes, 0 pruned nodes, max_depth=6
[11:41:55] UpdatePredictionCache: nodes size=127,rowscnt=1
[11:41:55] UpdatePredictionCache: nodes size=127,rowscnt=10000000
[11:41:55] boosting round 41, 52.8599 sec elapsed
[11:41:55] Init hset: rptrSize:30,cutSize:6109,nodesize:128,fsetSize:6109,max_depth:6
[11:41:56] src/tree/updater_prune.cc:74: tree pruning end, 1 roots, 126 extra nodes, 0 pruned nodes, max_depth=6
[11:41:56] UpdatePredictionCache: nodes size=127,rowscnt=1
[11:41:56] UpdatePredictionCache: nodes size=127,rowscnt=10000000
[11:41:56] boosting round 42, 53.6499 sec elapsed
[11:41:56] Init hset: rptrSize:30,cutSize:6109,nodesize:128,fsetSize:6109,max_depth:6
[11:41:57] src/tree/updater_prune.cc:74: tree pruning end, 1 roots, 126 extra nodes, 0 pruned nodes, max_depth=6
[11:41:57] UpdatePredictionCache: nodes size=127,rowscnt=1
[11:41:57] UpdatePredictionCache: nodes size=127,rowscnt=10000000
[11:41:57] boosting round 43, 54.4278 sec elapsed
[11:41:57] Init hset: rptrSize:30,cutSize:6109,nodesize:128,fsetSize:6109,max_depth:6
[11:41:57] src/tree/updater_prune.cc:74: tree pruning end, 1 roots, 126 extra nodes, 0 pruned nodes, max_depth=6
[11:41:57] UpdatePredictionCache: nodes size=127,rowscnt=1
[11:41:57] UpdatePredictionCache: nodes size=127,rowscnt=10000000
[11:41:57] boosting round 44, 55.2051 sec elapsed
[11:41:58] Init hset: rptrSize:30,cutSize:6109,nodesize:128,fsetSize:6109,max_depth:6
[11:41:58] src/tree/updater_prune.cc:74: tree pruning end, 1 roots, 126 extra nodes, 0 pruned nodes, max_depth=6
[11:41:58] UpdatePredictionCache: nodes size=127,rowscnt=1
[11:41:58] UpdatePredictionCache: nodes size=127,rowscnt=10000000
[11:41:58] boosting round 45, 56.0336 sec elapsed
[11:41:58] Init hset: rptrSize:30,cutSize:6109,nodesize:128,fsetSize:6109,max_depth:6
[11:41:59] src/tree/updater_prune.cc:74: tree pruning end, 1 roots, 126 extra nodes, 0 pruned nodes, max_depth=6
[11:41:59] UpdatePredictionCache: nodes size=127,rowscnt=1
[11:41:59] UpdatePredictionCache: nodes size=127,rowscnt=10000000
[11:41:59] boosting round 46, 56.8087 sec elapsed
[11:41:59] Init hset: rptrSize:30,cutSize:6109,nodesize:128,fsetSize:6109,max_depth:6
[11:42:00] src/tree/updater_prune.cc:74: tree pruning end, 1 roots, 126 extra nodes, 0 pruned nodes, max_depth=6
[11:42:00] UpdatePredictionCache: nodes size=127,rowscnt=1
[11:42:00] UpdatePredictionCache: nodes size=127,rowscnt=10000000
[11:42:00] boosting round 47, 57.5707 sec elapsed
[11:42:00] Init hset: rptrSize:30,cutSize:6109,nodesize:128,fsetSize:6109,max_depth:6
[11:42:01] src/tree/updater_prune.cc:74: tree pruning end, 1 roots, 126 extra nodes, 0 pruned nodes, max_depth=6
[11:42:01] UpdatePredictionCache: nodes size=127,rowscnt=1
[11:42:01] UpdatePredictionCache: nodes size=127,rowscnt=10000000
[11:42:01] boosting round 48, 58.3722 sec elapsed
[11:42:01] Init hset: rptrSize:30,cutSize:6109,nodesize:128,fsetSize:6109,max_depth:6
[11:42:01] src/tree/updater_prune.cc:74: tree pruning end, 1 roots, 126 extra nodes, 0 pruned nodes, max_depth=6
[11:42:01] UpdatePredictionCache: nodes size=127,rowscnt=1
[11:42:01] UpdatePredictionCache: nodes size=127,rowscnt=10000000
[11:42:01] boosting round 49, 59.1779 sec elapsed
[11:42:01] Init hset: rptrSize:30,cutSize:6109,nodesize:128,fsetSize:6109,max_depth:6
[11:42:02] src/tree/updater_prune.cc:74: tree pruning end, 1 roots, 126 extra nodes, 0 pruned nodes, max_depth=6
[11:42:02] UpdatePredictionCache: nodes size=127,rowscnt=1
[11:42:02] UpdatePredictionCache: nodes size=127,rowscnt=10000000
[11:42:02] boosting round 50, 59.9785 sec elapsed
[11:42:02] Init hset: rptrSize:30,cutSize:6109,nodesize:128,fsetSize:6109,max_depth:6
[11:42:03] src/tree/updater_prune.cc:74: tree pruning end, 1 roots, 126 extra nodes, 0 pruned nodes, max_depth=6
[11:42:03] UpdatePredictionCache: nodes size=127,rowscnt=1
[11:42:03] UpdatePredictionCache: nodes size=127,rowscnt=10000000
[11:42:03] boosting round 51, 60.743 sec elapsed
[11:42:03] Init hset: rptrSize:30,cutSize:6109,nodesize:128,fsetSize:6109,max_depth:6
[11:42:04] src/tree/updater_prune.cc:74: tree pruning end, 1 roots, 126 extra nodes, 0 pruned nodes, max_depth=6
[11:42:04] UpdatePredictionCache: nodes size=127,rowscnt=1
[11:42:04] UpdatePredictionCache: nodes size=127,rowscnt=10000000
[11:42:04] boosting round 52, 61.5704 sec elapsed
[11:42:04] Init hset: rptrSize:30,cutSize:6109,nodesize:128,fsetSize:6109,max_depth:6
[11:42:05] src/tree/updater_prune.cc:74: tree pruning end, 1 roots, 126 extra nodes, 0 pruned nodes, max_depth=6
[11:42:05] UpdatePredictionCache: nodes size=127,rowscnt=1
[11:42:05] UpdatePredictionCache: nodes size=127,rowscnt=10000000
[11:42:05] boosting round 53, 62.3864 sec elapsed
[11:42:05] Init hset: rptrSize:30,cutSize:6109,nodesize:128,fsetSize:6109,max_depth:6
[11:42:05] src/tree/updater_prune.cc:74: tree pruning end, 1 roots, 126 extra nodes, 0 pruned nodes, max_depth=6
[11:42:05] UpdatePredictionCache: nodes size=127,rowscnt=1
[11:42:05] UpdatePredictionCache: nodes size=127,rowscnt=10000000
[11:42:05] boosting round 54, 63.2379 sec elapsed
[11:42:06] Init hset: rptrSize:30,cutSize:6109,nodesize:128,fsetSize:6109,max_depth:6
[11:42:06] src/tree/updater_prune.cc:74: tree pruning end, 1 roots, 126 extra nodes, 0 pruned nodes, max_depth=6
[11:42:06] UpdatePredictionCache: nodes size=127,rowscnt=1
[11:42:06] UpdatePredictionCache: nodes size=127,rowscnt=10000000
[11:42:06] boosting round 55, 64.0313 sec elapsed
[11:42:06] Init hset: rptrSize:30,cutSize:6109,nodesize:128,fsetSize:6109,max_depth:6
[11:42:07] src/tree/updater_prune.cc:74: tree pruning end, 1 roots, 126 extra nodes, 0 pruned nodes, max_depth=6
[11:42:07] UpdatePredictionCache: nodes size=127,rowscnt=1
[11:42:07] UpdatePredictionCache: nodes size=127,rowscnt=10000000
[11:42:07] boosting round 56, 64.8395 sec elapsed
[11:42:07] Init hset: rptrSize:30,cutSize:6109,nodesize:128,fsetSize:6109,max_depth:6
[11:42:08] src/tree/updater_prune.cc:74: tree pruning end, 1 roots, 126 extra nodes, 0 pruned nodes, max_depth=6
[11:42:08] UpdatePredictionCache: nodes size=127,rowscnt=1
[11:42:08] UpdatePredictionCache: nodes size=127,rowscnt=10000000
[11:42:08] boosting round 57, 65.5879 sec elapsed
[11:42:08] Init hset: rptrSize:30,cutSize:6109,nodesize:128,fsetSize:6109,max_depth:6
[11:42:09] src/tree/updater_prune.cc:74: tree pruning end, 1 roots, 126 extra nodes, 0 pruned nodes, max_depth=6
[11:42:09] UpdatePredictionCache: nodes size=127,rowscnt=1
[11:42:09] UpdatePredictionCache: nodes size=127,rowscnt=10000000
[11:42:09] boosting round 58, 66.4016 sec elapsed
[11:42:09] Init hset: rptrSize:30,cutSize:6109,nodesize:128,fsetSize:6109,max_depth:6
[11:42:09] src/tree/updater_prune.cc:74: tree pruning end, 1 roots, 126 extra nodes, 0 pruned nodes, max_depth=6
[11:42:09] UpdatePredictionCache: nodes size=127,rowscnt=1
[11:42:09] UpdatePredictionCache: nodes size=127,rowscnt=10000000
[11:42:09] boosting round 59, 67.2094 sec elapsed
[11:42:10] Init hset: rptrSize:30,cutSize:6109,nodesize:128,fsetSize:6109,max_depth:6
[11:42:10] src/tree/updater_prune.cc:74: tree pruning end, 1 roots, 126 extra nodes, 0 pruned nodes, max_depth=6
[11:42:10] UpdatePredictionCache: nodes size=127,rowscnt=1
[11:42:10] UpdatePredictionCache: nodes size=127,rowscnt=10000000
[11:42:10] boosting round 60, 67.9651 sec elapsed
[11:42:10] Init hset: rptrSize:30,cutSize:6109,nodesize:128,fsetSize:6109,max_depth:6
[11:42:11] src/tree/updater_prune.cc:74: tree pruning end, 1 roots, 126 extra nodes, 0 pruned nodes, max_depth=6
[11:42:11] UpdatePredictionCache: nodes size=127,rowscnt=1
[11:42:11] UpdatePredictionCache: nodes size=127,rowscnt=10000000
[11:42:11] boosting round 61, 68.7242 sec elapsed
[11:42:11] Init hset: rptrSize:30,cutSize:6109,nodesize:128,fsetSize:6109,max_depth:6
[11:42:12] src/tree/updater_prune.cc:74: tree pruning end, 1 roots, 126 extra nodes, 0 pruned nodes, max_depth=6
[11:42:12] UpdatePredictionCache: nodes size=127,rowscnt=1
[11:42:12] UpdatePredictionCache: nodes size=127,rowscnt=10000000
[11:42:12] boosting round 62, 69.5214 sec elapsed
[11:42:12] Init hset: rptrSize:30,cutSize:6109,nodesize:128,fsetSize:6109,max_depth:6
[11:42:13] src/tree/updater_prune.cc:74: tree pruning end, 1 roots, 126 extra nodes, 0 pruned nodes, max_depth=6
[11:42:13] UpdatePredictionCache: nodes size=127,rowscnt=1
[11:42:13] UpdatePredictionCache: nodes size=127,rowscnt=10000000
[11:42:13] boosting round 63, 70.2994 sec elapsed
[11:42:13] Init hset: rptrSize:30,cutSize:6109,nodesize:128,fsetSize:6109,max_depth:6
[11:42:13] src/tree/updater_prune.cc:74: tree pruning end, 1 roots, 126 extra nodes, 0 pruned nodes, max_depth=6
[11:42:13] UpdatePredictionCache: nodes size=127,rowscnt=1
[11:42:13] UpdatePredictionCache: nodes size=127,rowscnt=10000000
[11:42:13] boosting round 64, 71.0155 sec elapsed
[11:42:13] Init hset: rptrSize:30,cutSize:6109,nodesize:128,fsetSize:6109,max_depth:6
[11:42:14] src/tree/updater_prune.cc:74: tree pruning end, 1 roots, 126 extra nodes, 0 pruned nodes, max_depth=6
[11:42:14] UpdatePredictionCache: nodes size=127,rowscnt=1
[11:42:14] UpdatePredictionCache: nodes size=127,rowscnt=10000000
[11:42:14] boosting round 65, 71.7942 sec elapsed
[11:42:14] Init hset: rptrSize:30,cutSize:6109,nodesize:128,fsetSize:6109,max_depth:6
[11:42:15] src/tree/updater_prune.cc:74: tree pruning end, 1 roots, 126 extra nodes, 0 pruned nodes, max_depth=6
[11:42:15] UpdatePredictionCache: nodes size=127,rowscnt=1
[11:42:15] UpdatePredictionCache: nodes size=127,rowscnt=10000000
[11:42:15] boosting round 66, 72.5818 sec elapsed
[11:42:15] Init hset: rptrSize:30,cutSize:6109,nodesize:128,fsetSize:6109,max_depth:6
[11:42:16] src/tree/updater_prune.cc:74: tree pruning end, 1 roots, 126 extra nodes, 0 pruned nodes, max_depth=6
[11:42:16] UpdatePredictionCache: nodes size=127,rowscnt=1
[11:42:16] UpdatePredictionCache: nodes size=127,rowscnt=10000000
[11:42:16] boosting round 67, 73.3431 sec elapsed
[11:42:16] Init hset: rptrSize:30,cutSize:6109,nodesize:128,fsetSize:6109,max_depth:6
[11:42:16] src/tree/updater_prune.cc:74: tree pruning end, 1 roots, 126 extra nodes, 0 pruned nodes, max_depth=6
[11:42:16] UpdatePredictionCache: nodes size=127,rowscnt=1
[11:42:16] UpdatePredictionCache: nodes size=127,rowscnt=10000000
[11:42:16] boosting round 68, 74.0753 sec elapsed
[11:42:16] Init hset: rptrSize:30,cutSize:6109,nodesize:128,fsetSize:6109,max_depth:6
[11:42:17] src/tree/updater_prune.cc:74: tree pruning end, 1 roots, 126 extra nodes, 0 pruned nodes, max_depth=6
[11:42:17] UpdatePredictionCache: nodes size=127,rowscnt=1
[11:42:17] UpdatePredictionCache: nodes size=127,rowscnt=10000000
[11:42:17] boosting round 69, 74.8555 sec elapsed
[11:42:17] Init hset: rptrSize:30,cutSize:6109,nodesize:128,fsetSize:6109,max_depth:6
[11:42:18] src/tree/updater_prune.cc:74: tree pruning end, 1 roots, 126 extra nodes, 0 pruned nodes, max_depth=6
[11:42:18] UpdatePredictionCache: nodes size=127,rowscnt=1
[11:42:18] UpdatePredictionCache: nodes size=127,rowscnt=10000000
[11:42:18] boosting round 70, 75.672 sec elapsed
[11:42:18] Init hset: rptrSize:30,cutSize:6109,nodesize:128,fsetSize:6109,max_depth:6
[11:42:19] src/tree/updater_prune.cc:74: tree pruning end, 1 roots, 126 extra nodes, 0 pruned nodes, max_depth=6
[11:42:19] UpdatePredictionCache: nodes size=127,rowscnt=1
[11:42:19] UpdatePredictionCache: nodes size=127,rowscnt=10000000
[11:42:19] boosting round 71, 76.4736 sec elapsed
[11:42:19] Init hset: rptrSize:30,cutSize:6109,nodesize:128,fsetSize:6109,max_depth:6
[11:42:20] src/tree/updater_prune.cc:74: tree pruning end, 1 roots, 124 extra nodes, 0 pruned nodes, max_depth=6
[11:42:20] UpdatePredictionCache: nodes size=125,rowscnt=1
[11:42:20] UpdatePredictionCache: nodes size=125,rowscnt=10000000
[11:42:20] boosting round 72, 77.2582 sec elapsed
[11:42:20] Init hset: rptrSize:30,cutSize:6109,nodesize:128,fsetSize:6109,max_depth:6
[11:42:20] src/tree/updater_prune.cc:74: tree pruning end, 1 roots, 126 extra nodes, 0 pruned nodes, max_depth=6
[11:42:20] UpdatePredictionCache: nodes size=127,rowscnt=1
[11:42:20] UpdatePredictionCache: nodes size=127,rowscnt=10000000
[11:42:20] boosting round 73, 78.0629 sec elapsed
[11:42:20] Init hset: rptrSize:30,cutSize:6109,nodesize:128,fsetSize:6109,max_depth:6
[11:42:21] src/tree/updater_prune.cc:74: tree pruning end, 1 roots, 126 extra nodes, 0 pruned nodes, max_depth=6
[11:42:21] UpdatePredictionCache: nodes size=127,rowscnt=1
[11:42:21] UpdatePredictionCache: nodes size=127,rowscnt=10000000
[11:42:21] boosting round 74, 78.8146 sec elapsed
[11:42:21] Init hset: rptrSize:30,cutSize:6109,nodesize:128,fsetSize:6109,max_depth:6
[11:42:22] src/tree/updater_prune.cc:74: tree pruning end, 1 roots, 126 extra nodes, 0 pruned nodes, max_depth=6
[11:42:22] UpdatePredictionCache: nodes size=127,rowscnt=1
[11:42:22] UpdatePredictionCache: nodes size=127,rowscnt=10000000
[11:42:22] boosting round 75, 79.6207 sec elapsed
[11:42:22] Init hset: rptrSize:30,cutSize:6109,nodesize:128,fsetSize:6109,max_depth:6
[11:42:23] src/tree/updater_prune.cc:74: tree pruning end, 1 roots, 126 extra nodes, 0 pruned nodes, max_depth=6
[11:42:23] UpdatePredictionCache: nodes size=127,rowscnt=1
[11:42:23] UpdatePredictionCache: nodes size=127,rowscnt=10000000
[11:42:23] boosting round 76, 80.4115 sec elapsed
[11:42:23] Init hset: rptrSize:30,cutSize:6109,nodesize:128,fsetSize:6109,max_depth:6
[11:42:23] src/tree/updater_prune.cc:74: tree pruning end, 1 roots, 126 extra nodes, 0 pruned nodes, max_depth=6
[11:42:23] UpdatePredictionCache: nodes size=127,rowscnt=1
[11:42:23] UpdatePredictionCache: nodes size=127,rowscnt=10000000
[11:42:23] boosting round 77, 81.1894 sec elapsed
[11:42:23] Init hset: rptrSize:30,cutSize:6109,nodesize:128,fsetSize:6109,max_depth:6
[11:42:24] src/tree/updater_prune.cc:74: tree pruning end, 1 roots, 124 extra nodes, 0 pruned nodes, max_depth=6
[11:42:24] UpdatePredictionCache: nodes size=125,rowscnt=1
[11:42:24] UpdatePredictionCache: nodes size=125,rowscnt=10000000
[11:42:24] boosting round 78, 81.941 sec elapsed
[11:42:24] Init hset: rptrSize:30,cutSize:6109,nodesize:128,fsetSize:6109,max_depth:6
[11:42:25] src/tree/updater_prune.cc:74: tree pruning end, 1 roots, 126 extra nodes, 0 pruned nodes, max_depth=6
[11:42:25] UpdatePredictionCache: nodes size=127,rowscnt=1
[11:42:25] UpdatePredictionCache: nodes size=127,rowscnt=10000000
[11:42:25] boosting round 79, 82.7315 sec elapsed
[11:42:25] Init hset: rptrSize:30,cutSize:6109,nodesize:128,fsetSize:6109,max_depth:6
[11:42:26] src/tree/updater_prune.cc:74: tree pruning end, 1 roots, 126 extra nodes, 0 pruned nodes, max_depth=6
[11:42:26] UpdatePredictionCache: nodes size=127,rowscnt=1
[11:42:26] UpdatePredictionCache: nodes size=127,rowscnt=10000000
[11:42:26] boosting round 80, 83.4518 sec elapsed
[11:42:26] Init hset: rptrSize:30,cutSize:6109,nodesize:128,fsetSize:6109,max_depth:6
[11:42:26] src/tree/updater_prune.cc:74: tree pruning end, 1 roots, 126 extra nodes, 0 pruned nodes, max_depth=6
[11:42:26] UpdatePredictionCache: nodes size=127,rowscnt=1
[11:42:26] UpdatePredictionCache: nodes size=127,rowscnt=10000000
[11:42:26] boosting round 81, 84.1363 sec elapsed
[11:42:26] Init hset: rptrSize:30,cutSize:6109,nodesize:128,fsetSize:6109,max_depth:6
[11:42:27] src/tree/updater_prune.cc:74: tree pruning end, 1 roots, 126 extra nodes, 0 pruned nodes, max_depth=6
[11:42:27] UpdatePredictionCache: nodes size=127,rowscnt=1
[11:42:27] UpdatePredictionCache: nodes size=127,rowscnt=10000000
[11:42:27] boosting round 82, 84.978 sec elapsed
[11:42:27] Init hset: rptrSize:30,cutSize:6109,nodesize:128,fsetSize:6109,max_depth:6
[11:42:28] src/tree/updater_prune.cc:74: tree pruning end, 1 roots, 126 extra nodes, 0 pruned nodes, max_depth=6
[11:42:28] UpdatePredictionCache: nodes size=127,rowscnt=1
[11:42:28] UpdatePredictionCache: nodes size=127,rowscnt=10000000
[11:42:28] boosting round 83, 85.7176 sec elapsed
[11:42:28] Init hset: rptrSize:30,cutSize:6109,nodesize:128,fsetSize:6109,max_depth:6
[11:42:29] src/tree/updater_prune.cc:74: tree pruning end, 1 roots, 126 extra nodes, 0 pruned nodes, max_depth=6
[11:42:29] UpdatePredictionCache: nodes size=127,rowscnt=1
[11:42:29] UpdatePredictionCache: nodes size=127,rowscnt=10000000
[11:42:29] boosting round 84, 86.4946 sec elapsed
[11:42:29] Init hset: rptrSize:30,cutSize:6109,nodesize:128,fsetSize:6109,max_depth:6
[11:42:30] src/tree/updater_prune.cc:74: tree pruning end, 1 roots, 126 extra nodes, 0 pruned nodes, max_depth=6
[11:42:30] UpdatePredictionCache: nodes size=127,rowscnt=1
[11:42:30] UpdatePredictionCache: nodes size=127,rowscnt=10000000
[11:42:30] boosting round 85, 87.2962 sec elapsed
[11:42:30] Init hset: rptrSize:30,cutSize:6109,nodesize:128,fsetSize:6109,max_depth:6
[11:42:30] src/tree/updater_prune.cc:74: tree pruning end, 1 roots, 126 extra nodes, 0 pruned nodes, max_depth=6
[11:42:30] UpdatePredictionCache: nodes size=127,rowscnt=1
[11:42:30] UpdatePredictionCache: nodes size=127,rowscnt=10000000
[11:42:30] boosting round 86, 88.1178 sec elapsed
[11:42:30] Init hset: rptrSize:30,cutSize:6109,nodesize:128,fsetSize:6109,max_depth:6
[11:42:31] src/tree/updater_prune.cc:74: tree pruning end, 1 roots, 126 extra nodes, 0 pruned nodes, max_depth=6
[11:42:31] UpdatePredictionCache: nodes size=127,rowscnt=1
[11:42:31] UpdatePredictionCache: nodes size=127,rowscnt=10000000
[11:42:31] boosting round 87, 88.9044 sec elapsed
[11:42:31] Init hset: rptrSize:30,cutSize:6109,nodesize:128,fsetSize:6109,max_depth:6
[11:42:32] src/tree/updater_prune.cc:74: tree pruning end, 1 roots, 126 extra nodes, 0 pruned nodes, max_depth=6
[11:42:32] UpdatePredictionCache: nodes size=127,rowscnt=1
[11:42:32] UpdatePredictionCache: nodes size=127,rowscnt=10000000
[11:42:32] boosting round 88, 89.6486 sec elapsed
[11:42:32] Init hset: rptrSize:30,cutSize:6109,nodesize:128,fsetSize:6109,max_depth:6
[11:42:33] src/tree/updater_prune.cc:74: tree pruning end, 1 roots, 126 extra nodes, 0 pruned nodes, max_depth=6
[11:42:33] UpdatePredictionCache: nodes size=127,rowscnt=1
[11:42:33] UpdatePredictionCache: nodes size=127,rowscnt=10000000
[11:42:33] boosting round 89, 90.3562 sec elapsed
[11:42:33] Init hset: rptrSize:30,cutSize:6109,nodesize:128,fsetSize:6109,max_depth:6
[11:42:33] src/tree/updater_prune.cc:74: tree pruning end, 1 roots, 124 extra nodes, 0 pruned nodes, max_depth=6
[11:42:33] UpdatePredictionCache: nodes size=125,rowscnt=1
[11:42:33] UpdatePredictionCache: nodes size=125,rowscnt=10000000
[11:42:33] boosting round 90, 91.1104 sec elapsed
[11:42:33] Init hset: rptrSize:30,cutSize:6109,nodesize:128,fsetSize:6109,max_depth:6
[11:42:34] src/tree/updater_prune.cc:74: tree pruning end, 1 roots, 126 extra nodes, 0 pruned nodes, max_depth=6
[11:42:34] UpdatePredictionCache: nodes size=127,rowscnt=1
[11:42:34] UpdatePredictionCache: nodes size=127,rowscnt=10000000
[11:42:34] boosting round 91, 91.8823 sec elapsed
[11:42:34] Init hset: rptrSize:30,cutSize:6109,nodesize:128,fsetSize:6109,max_depth:6
[11:42:35] src/tree/updater_prune.cc:74: tree pruning end, 1 roots, 126 extra nodes, 0 pruned nodes, max_depth=6
[11:42:35] UpdatePredictionCache: nodes size=127,rowscnt=1
[11:42:35] UpdatePredictionCache: nodes size=127,rowscnt=10000000
[11:42:35] boosting round 92, 92.6898 sec elapsed
[11:42:35] Init hset: rptrSize:30,cutSize:6109,nodesize:128,fsetSize:6109,max_depth:6
[11:42:36] src/tree/updater_prune.cc:74: tree pruning end, 1 roots, 126 extra nodes, 0 pruned nodes, max_depth=6
[11:42:36] UpdatePredictionCache: nodes size=127,rowscnt=1
[11:42:36] UpdatePredictionCache: nodes size=127,rowscnt=10000000
[11:42:36] boosting round 93, 93.4151 sec elapsed
[11:42:36] Init hset: rptrSize:30,cutSize:6109,nodesize:128,fsetSize:6109,max_depth:6
[11:42:37] src/tree/updater_prune.cc:74: tree pruning end, 1 roots, 126 extra nodes, 0 pruned nodes, max_depth=6
[11:42:37] UpdatePredictionCache: nodes size=127,rowscnt=1
[11:42:37] UpdatePredictionCache: nodes size=127,rowscnt=10000000
[11:42:37] boosting round 94, 94.2792 sec elapsed
[11:42:37] Init hset: rptrSize:30,cutSize:6109,nodesize:128,fsetSize:6109,max_depth:6
[11:42:37] src/tree/updater_prune.cc:74: tree pruning end, 1 roots, 126 extra nodes, 0 pruned nodes, max_depth=6
[11:42:37] UpdatePredictionCache: nodes size=127,rowscnt=1
[11:42:37] UpdatePredictionCache: nodes size=127,rowscnt=10000000
[11:42:37] boosting round 95, 95.0666 sec elapsed
[11:42:37] Init hset: rptrSize:30,cutSize:6109,nodesize:128,fsetSize:6109,max_depth:6
[11:42:38] src/tree/updater_prune.cc:74: tree pruning end, 1 roots, 126 extra nodes, 0 pruned nodes, max_depth=6
[11:42:38] UpdatePredictionCache: nodes size=127,rowscnt=1
[11:42:38] UpdatePredictionCache: nodes size=127,rowscnt=10000000
[11:42:38] boosting round 96, 95.8735 sec elapsed
[11:42:38] Init hset: rptrSize:30,cutSize:6109,nodesize:128,fsetSize:6109,max_depth:6
[11:42:39] src/tree/updater_prune.cc:74: tree pruning end, 1 roots, 126 extra nodes, 0 pruned nodes, max_depth=6
[11:42:39] UpdatePredictionCache: nodes size=127,rowscnt=1
[11:42:39] UpdatePredictionCache: nodes size=127,rowscnt=10000000
[11:42:39] boosting round 97, 96.5857 sec elapsed
[11:42:39] Init hset: rptrSize:30,cutSize:6109,nodesize:128,fsetSize:6109,max_depth:6
[11:42:40] src/tree/updater_prune.cc:74: tree pruning end, 1 roots, 124 extra nodes, 0 pruned nodes, max_depth=6
[11:42:40] UpdatePredictionCache: nodes size=125,rowscnt=1
[11:42:40] UpdatePredictionCache: nodes size=125,rowscnt=10000000
[11:42:40] boosting round 98, 97.3192 sec elapsed
[11:42:40] Init hset: rptrSize:30,cutSize:6109,nodesize:128,fsetSize:6109,max_depth:6
[11:42:40] src/tree/updater_prune.cc:74: tree pruning end, 1 roots, 126 extra nodes, 0 pruned nodes, max_depth=6
[11:42:40] UpdatePredictionCache: nodes size=127,rowscnt=1
[11:42:40] UpdatePredictionCache: nodes size=127,rowscnt=10000000
[11:42:40] boosting round 99, 98.1043 sec elapsed
[11:42:40] Init hset: rptrSize:30,cutSize:6109,nodesize:128,fsetSize:6109,max_depth:6
[11:42:41] src/tree/updater_prune.cc:74: tree pruning end, 1 roots, 126 extra nodes, 0 pruned nodes, max_depth=6
[11:42:41] UpdatePredictionCache: nodes size=127,rowscnt=1
[11:42:41] UpdatePredictionCache: nodes size=127,rowscnt=10000000
[11:42:41] update end, 98.8678 sec in all
[11:42:41] BuildPosSet Time: 12.8029
[11:42:41] BuildHist Time: 59.5104
[11:42:41] Training Time: 78.6262
