[14:51:19] 7500000x100 matrix with 750000000 entries loaded from synset_train.libsvm
[14:51:19] 1x100 matrix with 100 entries loaded from synset_valid.libsvm
[14:51:19] Tree method is selected to be 'hist', which uses a single updater grow_fast_histmaker.
[14:51:19] Treemethod=3 dsplit=2 updater=grow_fast_histmaker

[14:51:19] failed in fast Init of Predictor cache,rowxcol=7500000x100
[14:51:19] failed in fast Init of Predictor cache,rowxcol=1x100
[14:51:19] src/cli_main.cc:208: Loading data: 12.0883 sec
[14:51:19] src/cli_main.cc:215: Start training loop
[14:51:19] boosting round 0, 2.38419e-07 sec elapsed
0 254
1 254
2 254
3 254
4 254
5 254
6 254
7 254
8 254
9 254
10 254
11 254
12 254
13 254
14 254
15 254
16 254
17 254
18 254
19 254
20 254
21 254
22 254
23 254
24 254
25 254
26 254
27 254
28 254
29 254
30 254
31 254
32 254
33 254
34 254
35 254
36 254
37 254
38 254
39 254
40 254
41 254
42 254
43 254
44 254
45 254
46 254
47 254
48 254
49 254
50 254
51 254
52 254
53 254
54 254
55 254
56 254
57 254
58 254
59 254
60 254
61 254
62 254
63 254
64 254
65 254
66 254
67 254
68 254
69 254
70 254
71 254
72 254
73 254
74 254
75 254
76 254
77 254
78 254
79 254
80 254
81 254
82 254
83 254
84 254
85 254
86 254
87 254
88 254
89 254
90 254
91 254
92 254
93 254
94 254
95 254
96 254
97 254
98 254
99 254
[14:52:09] src/tree/updater_fast_hist.cc:112: End of initialization, start training
[14:52:10] src/tree/updater_prune.cc:74: tree pruning end, 1 roots, 126 extra nodes, 0 pruned nodes, max_depth=6
[14:52:10] boosting round 1, 51.2098 sec elapsed
[14:52:12] src/tree/updater_prune.cc:74: tree pruning end, 1 roots, 126 extra nodes, 0 pruned nodes, max_depth=6
[14:52:12] boosting round 2, 52.3913 sec elapsed
[14:52:13] src/tree/updater_prune.cc:74: tree pruning end, 1 roots, 126 extra nodes, 0 pruned nodes, max_depth=6
[14:52:13] boosting round 3, 53.6947 sec elapsed
[14:52:14] src/tree/updater_prune.cc:74: tree pruning end, 1 roots, 126 extra nodes, 0 pruned nodes, max_depth=6
[14:52:14] boosting round 4, 54.9617 sec elapsed
[14:52:15] src/tree/updater_prune.cc:74: tree pruning end, 1 roots, 126 extra nodes, 0 pruned nodes, max_depth=6
[14:52:15] boosting round 5, 56.1712 sec elapsed
[14:52:17] src/tree/updater_prune.cc:74: tree pruning end, 1 roots, 126 extra nodes, 0 pruned nodes, max_depth=6
[14:52:17] boosting round 6, 57.4144 sec elapsed
[14:52:18] src/tree/updater_prune.cc:74: tree pruning end, 1 roots, 126 extra nodes, 0 pruned nodes, max_depth=6
[14:52:18] boosting round 7, 58.5536 sec elapsed
[14:52:19] src/tree/updater_prune.cc:74: tree pruning end, 1 roots, 126 extra nodes, 0 pruned nodes, max_depth=6
[14:52:19] boosting round 8, 59.8802 sec elapsed
[14:52:20] src/tree/updater_prune.cc:74: tree pruning end, 1 roots, 126 extra nodes, 0 pruned nodes, max_depth=6
[14:52:20] boosting round 9, 61.0887 sec elapsed
[14:52:21] src/tree/updater_prune.cc:74: tree pruning end, 1 roots, 126 extra nodes, 0 pruned nodes, max_depth=6
[14:52:21] boosting round 10, 62.2941 sec elapsed
[14:52:23] src/tree/updater_prune.cc:74: tree pruning end, 1 roots, 126 extra nodes, 0 pruned nodes, max_depth=6
[14:52:23] boosting round 11, 63.5178 sec elapsed
[14:52:24] src/tree/updater_prune.cc:74: tree pruning end, 1 roots, 126 extra nodes, 0 pruned nodes, max_depth=6
[14:52:24] boosting round 12, 64.812 sec elapsed
[14:52:25] src/tree/updater_prune.cc:74: tree pruning end, 1 roots, 126 extra nodes, 0 pruned nodes, max_depth=6
[14:52:25] boosting round 13, 66.0278 sec elapsed
[14:52:26] src/tree/updater_prune.cc:74: tree pruning end, 1 roots, 126 extra nodes, 0 pruned nodes, max_depth=6
[14:52:26] boosting round 14, 67.2161 sec elapsed
[14:52:28] src/tree/updater_prune.cc:74: tree pruning end, 1 roots, 126 extra nodes, 0 pruned nodes, max_depth=6
[14:52:28] boosting round 15, 68.5257 sec elapsed
[14:52:29] src/tree/updater_prune.cc:74: tree pruning end, 1 roots, 126 extra nodes, 0 pruned nodes, max_depth=6
[14:52:29] boosting round 16, 69.7076 sec elapsed
[14:52:30] src/tree/updater_prune.cc:74: tree pruning end, 1 roots, 126 extra nodes, 0 pruned nodes, max_depth=6
[14:52:30] boosting round 17, 70.84 sec elapsed
[14:52:31] src/tree/updater_prune.cc:74: tree pruning end, 1 roots, 126 extra nodes, 0 pruned nodes, max_depth=6
[14:52:31] boosting round 18, 72.0593 sec elapsed
[14:52:32] src/tree/updater_prune.cc:74: tree pruning end, 1 roots, 126 extra nodes, 0 pruned nodes, max_depth=6
[14:52:32] boosting round 19, 73.2207 sec elapsed
[14:52:34] src/tree/updater_prune.cc:74: tree pruning end, 1 roots, 126 extra nodes, 0 pruned nodes, max_depth=6
[14:52:34] boosting round 20, 74.4848 sec elapsed
[14:52:35] src/tree/updater_prune.cc:74: tree pruning end, 1 roots, 126 extra nodes, 0 pruned nodes, max_depth=6
[14:52:35] boosting round 21, 75.601 sec elapsed
[14:52:36] src/tree/updater_prune.cc:74: tree pruning end, 1 roots, 126 extra nodes, 0 pruned nodes, max_depth=6
[14:52:36] boosting round 22, 76.8027 sec elapsed
[14:52:37] src/tree/updater_prune.cc:74: tree pruning end, 1 roots, 126 extra nodes, 0 pruned nodes, max_depth=6
[14:52:37] boosting round 23, 77.8011 sec elapsed
[14:52:38] src/tree/updater_prune.cc:74: tree pruning end, 1 roots, 126 extra nodes, 0 pruned nodes, max_depth=6
[14:52:38] boosting round 24, 79.0141 sec elapsed
[14:52:39] src/tree/updater_prune.cc:74: tree pruning end, 1 roots, 126 extra nodes, 0 pruned nodes, max_depth=6
[14:52:39] boosting round 25, 80.155 sec elapsed
[14:52:40] src/tree/updater_prune.cc:74: tree pruning end, 1 roots, 126 extra nodes, 0 pruned nodes, max_depth=6
[14:52:40] boosting round 26, 81.2937 sec elapsed
[14:52:42] src/tree/updater_prune.cc:74: tree pruning end, 1 roots, 126 extra nodes, 0 pruned nodes, max_depth=6
[14:52:42] boosting round 27, 82.3926 sec elapsed
[14:52:43] src/tree/updater_prune.cc:74: tree pruning end, 1 roots, 126 extra nodes, 0 pruned nodes, max_depth=6
[14:52:43] boosting round 28, 83.6101 sec elapsed
[14:52:44] src/tree/updater_prune.cc:74: tree pruning end, 1 roots, 126 extra nodes, 0 pruned nodes, max_depth=6
[14:52:44] boosting round 29, 84.6848 sec elapsed
[14:52:45] src/tree/updater_prune.cc:74: tree pruning end, 1 roots, 126 extra nodes, 0 pruned nodes, max_depth=6
[14:52:45] boosting round 30, 85.7945 sec elapsed
[14:52:46] src/tree/updater_prune.cc:74: tree pruning end, 1 roots, 126 extra nodes, 0 pruned nodes, max_depth=6
[14:52:46] boosting round 31, 86.9557 sec elapsed
[14:52:47] src/tree/updater_prune.cc:74: tree pruning end, 1 roots, 126 extra nodes, 0 pruned nodes, max_depth=6
[14:52:47] boosting round 32, 87.9537 sec elapsed
[14:52:48] src/tree/updater_prune.cc:74: tree pruning end, 1 roots, 126 extra nodes, 0 pruned nodes, max_depth=6
[14:52:48] boosting round 33, 89.0139 sec elapsed
[14:52:49] src/tree/updater_prune.cc:74: tree pruning end, 1 roots, 126 extra nodes, 0 pruned nodes, max_depth=6
[14:52:49] boosting round 34, 90.0046 sec elapsed
[14:52:50] src/tree/updater_prune.cc:74: tree pruning end, 1 roots, 126 extra nodes, 0 pruned nodes, max_depth=6
[14:52:50] boosting round 35, 91.0842 sec elapsed
[14:52:51] src/tree/updater_prune.cc:74: tree pruning end, 1 roots, 126 extra nodes, 0 pruned nodes, max_depth=6
[14:52:51] boosting round 36, 92.2153 sec elapsed
[14:52:53] src/tree/updater_prune.cc:74: tree pruning end, 1 roots, 126 extra nodes, 0 pruned nodes, max_depth=6
[14:52:53] boosting round 37, 93.4359 sec elapsed
[14:52:54] src/tree/updater_prune.cc:74: tree pruning end, 1 roots, 126 extra nodes, 0 pruned nodes, max_depth=6
[14:52:54] boosting round 38, 94.5157 sec elapsed
[14:52:55] src/tree/updater_prune.cc:74: tree pruning end, 1 roots, 126 extra nodes, 0 pruned nodes, max_depth=6
[14:52:55] boosting round 39, 95.6108 sec elapsed
[14:52:56] src/tree/updater_prune.cc:74: tree pruning end, 1 roots, 126 extra nodes, 0 pruned nodes, max_depth=6
[14:52:56] boosting round 40, 96.8762 sec elapsed
[14:52:57] src/tree/updater_prune.cc:74: tree pruning end, 1 roots, 126 extra nodes, 0 pruned nodes, max_depth=6
[14:52:57] boosting round 41, 97.8819 sec elapsed
[14:52:58] src/tree/updater_prune.cc:74: tree pruning end, 1 roots, 126 extra nodes, 0 pruned nodes, max_depth=6
[14:52:58] boosting round 42, 98.9948 sec elapsed
[14:52:59] src/tree/updater_prune.cc:74: tree pruning end, 1 roots, 126 extra nodes, 0 pruned nodes, max_depth=6
[14:52:59] boosting round 43, 100.209 sec elapsed
[14:53:00] src/tree/updater_prune.cc:74: tree pruning end, 1 roots, 126 extra nodes, 0 pruned nodes, max_depth=6
[14:53:00] boosting round 44, 101.185 sec elapsed
[14:53:01] src/tree/updater_prune.cc:74: tree pruning end, 1 roots, 126 extra nodes, 0 pruned nodes, max_depth=6
[14:53:01] boosting round 45, 102.171 sec elapsed
[14:53:02] src/tree/updater_prune.cc:74: tree pruning end, 1 roots, 126 extra nodes, 0 pruned nodes, max_depth=6
[14:53:02] boosting round 46, 103.268 sec elapsed
[14:53:03] src/tree/updater_prune.cc:74: tree pruning end, 1 roots, 126 extra nodes, 0 pruned nodes, max_depth=6
[14:53:03] boosting round 47, 104.27 sec elapsed
[14:53:04] src/tree/updater_prune.cc:74: tree pruning end, 1 roots, 126 extra nodes, 0 pruned nodes, max_depth=6
[14:53:04] boosting round 48, 105.278 sec elapsed
[14:53:06] src/tree/updater_prune.cc:74: tree pruning end, 1 roots, 126 extra nodes, 0 pruned nodes, max_depth=6
[14:53:06] boosting round 49, 106.461 sec elapsed
[14:53:07] src/tree/updater_prune.cc:74: tree pruning end, 1 roots, 126 extra nodes, 0 pruned nodes, max_depth=6
[14:53:07] boosting round 50, 107.663 sec elapsed
[14:53:08] src/tree/updater_prune.cc:74: tree pruning end, 1 roots, 126 extra nodes, 0 pruned nodes, max_depth=6
[14:53:08] boosting round 51, 108.618 sec elapsed
[14:53:09] src/tree/updater_prune.cc:74: tree pruning end, 1 roots, 126 extra nodes, 0 pruned nodes, max_depth=6
[14:53:09] boosting round 52, 109.657 sec elapsed
[14:53:10] src/tree/updater_prune.cc:74: tree pruning end, 1 roots, 126 extra nodes, 0 pruned nodes, max_depth=6
[14:53:10] boosting round 53, 110.693 sec elapsed
[14:53:11] src/tree/updater_prune.cc:74: tree pruning end, 1 roots, 126 extra nodes, 0 pruned nodes, max_depth=6
[14:53:11] boosting round 54, 111.788 sec elapsed
[14:53:12] src/tree/updater_prune.cc:74: tree pruning end, 1 roots, 126 extra nodes, 0 pruned nodes, max_depth=6
[14:53:12] boosting round 55, 112.865 sec elapsed
[14:53:13] src/tree/updater_prune.cc:74: tree pruning end, 1 roots, 126 extra nodes, 0 pruned nodes, max_depth=6
[14:53:13] boosting round 56, 113.937 sec elapsed
[14:53:14] src/tree/updater_prune.cc:74: tree pruning end, 1 roots, 126 extra nodes, 0 pruned nodes, max_depth=6
[14:53:14] boosting round 57, 114.899 sec elapsed
[14:53:15] src/tree/updater_prune.cc:74: tree pruning end, 1 roots, 126 extra nodes, 0 pruned nodes, max_depth=6
[14:53:15] boosting round 58, 115.957 sec elapsed
[14:53:16] src/tree/updater_prune.cc:74: tree pruning end, 1 roots, 126 extra nodes, 0 pruned nodes, max_depth=6
[14:53:16] boosting round 59, 116.995 sec elapsed
[14:53:17] src/tree/updater_prune.cc:74: tree pruning end, 1 roots, 126 extra nodes, 0 pruned nodes, max_depth=6
[14:53:17] boosting round 60, 118.038 sec elapsed
[14:53:18] src/tree/updater_prune.cc:74: tree pruning end, 1 roots, 126 extra nodes, 0 pruned nodes, max_depth=6
[14:53:18] boosting round 61, 119.086 sec elapsed
[14:53:19] src/tree/updater_prune.cc:74: tree pruning end, 1 roots, 126 extra nodes, 0 pruned nodes, max_depth=6
[14:53:19] boosting round 62, 120.233 sec elapsed
[14:53:20] src/tree/updater_prune.cc:74: tree pruning end, 1 roots, 126 extra nodes, 0 pruned nodes, max_depth=6
[14:53:20] boosting round 63, 121.105 sec elapsed
[14:53:21] src/tree/updater_prune.cc:74: tree pruning end, 1 roots, 126 extra nodes, 0 pruned nodes, max_depth=6
[14:53:21] boosting round 64, 122.253 sec elapsed
[14:53:22] src/tree/updater_prune.cc:74: tree pruning end, 1 roots, 126 extra nodes, 0 pruned nodes, max_depth=6
[14:53:22] boosting round 65, 123.26 sec elapsed
[14:53:23] src/tree/updater_prune.cc:74: tree pruning end, 1 roots, 126 extra nodes, 0 pruned nodes, max_depth=6
[14:53:23] boosting round 66, 124.327 sec elapsed
[14:53:25] src/tree/updater_prune.cc:74: tree pruning end, 1 roots, 126 extra nodes, 0 pruned nodes, max_depth=6
[14:53:25] boosting round 67, 125.417 sec elapsed
[14:53:26] src/tree/updater_prune.cc:74: tree pruning end, 1 roots, 126 extra nodes, 0 pruned nodes, max_depth=6
[14:53:26] boosting round 68, 126.445 sec elapsed
[14:53:27] src/tree/updater_prune.cc:74: tree pruning end, 1 roots, 126 extra nodes, 0 pruned nodes, max_depth=6
[14:53:27] boosting round 69, 127.429 sec elapsed
[14:53:28] src/tree/updater_prune.cc:74: tree pruning end, 1 roots, 126 extra nodes, 0 pruned nodes, max_depth=6
[14:53:28] boosting round 70, 128.535 sec elapsed
[14:53:29] src/tree/updater_prune.cc:74: tree pruning end, 1 roots, 126 extra nodes, 0 pruned nodes, max_depth=6
[14:53:29] boosting round 71, 129.585 sec elapsed
[14:53:30] src/tree/updater_prune.cc:74: tree pruning end, 1 roots, 126 extra nodes, 0 pruned nodes, max_depth=6
[14:53:30] boosting round 72, 130.61 sec elapsed
[14:53:31] src/tree/updater_prune.cc:74: tree pruning end, 1 roots, 126 extra nodes, 0 pruned nodes, max_depth=6
[14:53:31] boosting round 73, 131.457 sec elapsed
[14:53:32] src/tree/updater_prune.cc:74: tree pruning end, 1 roots, 126 extra nodes, 0 pruned nodes, max_depth=6
[14:53:32] boosting round 74, 132.452 sec elapsed
[14:53:33] src/tree/updater_prune.cc:74: tree pruning end, 1 roots, 126 extra nodes, 0 pruned nodes, max_depth=6
[14:53:33] boosting round 75, 133.422 sec elapsed
[14:53:34] src/tree/updater_prune.cc:74: tree pruning end, 1 roots, 126 extra nodes, 0 pruned nodes, max_depth=6
[14:53:34] boosting round 76, 134.456 sec elapsed
[14:53:35] src/tree/updater_prune.cc:74: tree pruning end, 1 roots, 126 extra nodes, 0 pruned nodes, max_depth=6
[14:53:35] boosting round 77, 135.481 sec elapsed
[14:53:36] src/tree/updater_prune.cc:74: tree pruning end, 1 roots, 126 extra nodes, 0 pruned nodes, max_depth=6
[14:53:36] boosting round 78, 136.65 sec elapsed
[14:53:37] src/tree/updater_prune.cc:74: tree pruning end, 1 roots, 126 extra nodes, 0 pruned nodes, max_depth=6
[14:53:37] boosting round 79, 137.684 sec elapsed
[14:53:38] src/tree/updater_prune.cc:74: tree pruning end, 1 roots, 126 extra nodes, 0 pruned nodes, max_depth=6
[14:53:38] boosting round 80, 138.677 sec elapsed
[14:53:39] src/tree/updater_prune.cc:74: tree pruning end, 1 roots, 126 extra nodes, 0 pruned nodes, max_depth=6
[14:53:39] boosting round 81, 139.681 sec elapsed
[14:53:40] src/tree/updater_prune.cc:74: tree pruning end, 1 roots, 126 extra nodes, 0 pruned nodes, max_depth=6
[14:53:40] boosting round 82, 140.584 sec elapsed
[14:53:41] src/tree/updater_prune.cc:74: tree pruning end, 1 roots, 126 extra nodes, 0 pruned nodes, max_depth=6
[14:53:41] boosting round 83, 141.595 sec elapsed
[14:53:42] src/tree/updater_prune.cc:74: tree pruning end, 1 roots, 126 extra nodes, 0 pruned nodes, max_depth=6
[14:53:42] boosting round 84, 142.634 sec elapsed
[14:53:43] src/tree/updater_prune.cc:74: tree pruning end, 1 roots, 126 extra nodes, 0 pruned nodes, max_depth=6
[14:53:43] boosting round 85, 143.751 sec elapsed
[14:53:44] src/tree/updater_prune.cc:74: tree pruning end, 1 roots, 126 extra nodes, 0 pruned nodes, max_depth=6
[14:53:44] boosting round 86, 144.737 sec elapsed
[14:53:45] src/tree/updater_prune.cc:74: tree pruning end, 1 roots, 126 extra nodes, 0 pruned nodes, max_depth=6
[14:53:45] boosting round 87, 145.773 sec elapsed
[14:53:46] src/tree/updater_prune.cc:74: tree pruning end, 1 roots, 126 extra nodes, 0 pruned nodes, max_depth=6
[14:53:46] boosting round 88, 146.852 sec elapsed
[14:53:47] src/tree/updater_prune.cc:74: tree pruning end, 1 roots, 126 extra nodes, 0 pruned nodes, max_depth=6
[14:53:47] boosting round 89, 147.786 sec elapsed
[14:53:48] src/tree/updater_prune.cc:74: tree pruning end, 1 roots, 126 extra nodes, 0 pruned nodes, max_depth=6
[14:53:48] boosting round 90, 148.74 sec elapsed
[14:53:49] src/tree/updater_prune.cc:74: tree pruning end, 1 roots, 126 extra nodes, 0 pruned nodes, max_depth=6
[14:53:49] boosting round 91, 149.769 sec elapsed
[14:53:50] src/tree/updater_prune.cc:74: tree pruning end, 1 roots, 126 extra nodes, 0 pruned nodes, max_depth=6
[14:53:50] boosting round 92, 150.798 sec elapsed
[14:53:51] src/tree/updater_prune.cc:74: tree pruning end, 1 roots, 126 extra nodes, 0 pruned nodes, max_depth=6
[14:53:51] boosting round 93, 151.746 sec elapsed
[14:53:52] src/tree/updater_prune.cc:74: tree pruning end, 1 roots, 126 extra nodes, 0 pruned nodes, max_depth=6
[14:53:52] boosting round 94, 152.78 sec elapsed
[14:53:53] src/tree/updater_prune.cc:74: tree pruning end, 1 roots, 126 extra nodes, 0 pruned nodes, max_depth=6
[14:53:53] boosting round 95, 153.76 sec elapsed
[14:53:54] src/tree/updater_prune.cc:74: tree pruning end, 1 roots, 126 extra nodes, 0 pruned nodes, max_depth=6
[14:53:54] boosting round 96, 154.788 sec elapsed
[14:53:55] src/tree/updater_prune.cc:74: tree pruning end, 1 roots, 126 extra nodes, 0 pruned nodes, max_depth=6
[14:53:55] boosting round 97, 155.797 sec elapsed
[14:53:56] src/tree/updater_prune.cc:74: tree pruning end, 1 roots, 126 extra nodes, 0 pruned nodes, max_depth=6
[14:53:56] boosting round 98, 156.744 sec elapsed
[14:53:57] src/tree/updater_prune.cc:74: tree pruning end, 1 roots, 126 extra nodes, 0 pruned nodes, max_depth=6
[14:53:57] boosting round 99, 157.731 sec elapsed
[14:53:58] src/tree/updater_prune.cc:74: tree pruning end, 1 roots, 126 extra nodes, 0 pruned nodes, max_depth=6
[14:53:58] update end, 158.606 sec in all
[14:53:58] BuildPosSet Time: 17.8879
[14:53:58] BuildHist Time: 82.9224
[14:53:58] Training Time: 108.703
[14:53:58] Aux Time 1: 0
[14:53:58] Aux Time 2: 0
[14:53:58] Aux Time 3: 0
